This is XeTeX, Version 3.14159265-2.6-0.99991 (TeX Live 2014) (preloaded format=xelatex 2014.11.19)  20 NOV 2014 17:47
entering extended mode
 restricted \write18 enabled.
 %&-line parsing enabled.
**help
(/usr/local/texlive/2014/texmf-dist/tex/latex/tools/h.tex
LaTeX2e <2014/05/01>
Babel <3.9l> and hyphenation patterns for 44 languages loaded.

! The file name provided could not be found.
Use `<enter>' to continue processing,
`S' to scroll future errors
`R' to run without stopping,
`Q' to run quietly,
or `X' to terminate TeX
! .
l.40 \errmessage{}
                  
? 
! Emergency stop.
l.40 \errmessage{}
                  
End of file on the terminal!

 
Here is how much of TeX's memory you used:
 7 strings out of 494883
 173 string characters out of 6166327
 48994 words of memory out of 5000000
 3383 multiletter control sequences out of 15000+600000
 3640 words of font info for 14 fonts, out of 8000000 for 9000
 430 hyphenation exceptions out of 8191
 5i,0n,1p,84b,8s stack positions out of 5000i,500n,10000p,200000b,80000s
No pages of output.
